This file contains any messages produced by compilers while
running configure, to aid debugging if configure makes a mistake.

It was created by mpdscribble configure 0.22, which was
generated by GNU Autoconf 2.67.  Invocation command line was

  $ ./configure --sysconfdir=/etc --enable-debug

## --------- ##
## Platform. ##
## --------- ##

hostname = runeaudio
uname -m = armv6l
uname -r = 3.6.11-18-ARCH+
uname -s = Linux
uname -v = #1 PREEMPT Mon Oct 21 01:15:42 CDT 2013

/usr/bin/uname -p = unknown
/bin/uname -X     = unknown

/bin/arch              = unknown
/usr/bin/arch -k       = unknown
/usr/convex/getsysinfo = unknown
/usr/bin/hostinfo      = unknown
/bin/machine           = unknown
/usr/bin/oslevel       = unknown
/bin/universe          = unknown

PATH: /usr/local/sbin
PATH: /usr/local/bin
PATH: /usr/bin
PATH: /usr/bin/core_perl


## ----------- ##
## Core tests. ##
## ----------- ##

configure:1994: checking for a BSD-compatible install
configure:2062: result: /usr/bin/install -c
configure:2073: checking whether build environment is sane
configure:2123: result: yes
configure:2264: checking for a thread-safe mkdir -p
configure:2303: result: /usr/bin/mkdir -p
configure:2316: checking for gawk
configure:2332: found /usr/bin/gawk
configure:2343: result: gawk
configure:2354: checking whether make sets $(MAKE)
configure:2376: result: yes
configure:2471: checking for style of include used by make
configure:2499: result: GNU
configure:2569: checking for gcc
configure:2585: found /usr/bin/gcc
configure:2596: result: gcc
configure:2825: checking for C compiler version
configure:2834: gcc --version >&5
gcc (GCC) 4.7.2
Copyright (C) 2012 Free Software Foundation, Inc.
This is free software; see the source for copying conditions.  There is NO
warranty; not even for MERCHANTABILITY or FITNESS FOR A PARTICULAR PURPOSE.

configure:2845: $? = 0
configure:2834: gcc -v >&5
Using built-in specs.
COLLECT_GCC=gcc
COLLECT_LTO_WRAPPER=/usr/lib/gcc/armv6l-unknown-linux-gnueabihf/4.7.2/lto-wrapper
Target: armv6l-unknown-linux-gnueabihf
Configured with: /build/src/gcc-4.7.2/configure --prefix=/usr --libdir=/usr/lib --libexecdir=/usr/lib --mandir=/usr/share/man --infodir=/usr/share/info --with-bugurl=https://bugs.archlinux.org/ --enable-languages=c,c++,fortran,lto,objc,obj-c++ --enable-shared --enable-threads=posix --with-system-zlib --enable-__cxa_atexit --disable-libunwind-exceptions --enable-clocale=gnu --disable-libstdcxx-pch --enable-libstdcxx-time --enable-gnu-unique-object --enable-linker-build-id --with-ppl --enable-cloog-backend=isl --disable-ppl-version-check --disable-cloog-version-check --enable-lto --enable-gold --enable-ld=default --enable-plugin --with-plugin-ld=ld.gold --with-linker-hash-style=gnu --disable-multilib --disable-libssp --disable-build-with-cxx --disable-build-poststage1-with-cxx --enable-checking=release --host=armv6l-unknown-linux-gnueabihf --build=armv6l-unknown-linux-gnueabihf --with-arch=armv6 --with-float=hard --with-fpu=vfp
Thread model: posix
gcc version 4.7.2 (GCC) 
configure:2845: $? = 0
configure:2834: gcc -V >&5
gcc: error: unrecognized command line option '-V'
gcc: fatal error: no input files
compilation terminated.
configure:2845: $? = 1
configure:2834: gcc -qversion >&5
gcc: error: unrecognized command line option '-qversion'
gcc: fatal error: no input files
compilation terminated.
configure:2845: $? = 1
configure:2865: checking whether the C compiler works
configure:2887: gcc    conftest.c  >&5
configure:2891: $? = 0
configure:2939: result: yes
configure:2942: checking for C compiler default output file name
configure:2944: result: a.out
configure:2950: checking for suffix of executables
configure:2957: gcc -o conftest    conftest.c  >&5
configure:2961: $? = 0
configure:2983: result: 
configure:3005: checking whether we are cross compiling
configure:3013: gcc -o conftest    conftest.c  >&5
configure:3017: $? = 0
configure:3024: ./conftest
configure:3028: $? = 0
configure:3043: result: no
configure:3048: checking for suffix of object files
configure:3070: gcc -c   conftest.c >&5
configure:3074: $? = 0
configure:3095: result: o
configure:3099: checking whether we are using the GNU C compiler
configure:3118: gcc -c   conftest.c >&5
configure:3118: $? = 0
configure:3127: result: yes
configure:3136: checking whether gcc accepts -g
configure:3156: gcc -c -g  conftest.c >&5
configure:3156: $? = 0
configure:3197: result: yes
configure:3214: checking for gcc option to accept ISO C89
configure:3278: gcc  -c -g -O2  conftest.c >&5
configure:3278: $? = 0
configure:3291: result: none needed
configure:3313: checking dependency style of gcc
configure:3423: result: gcc3
configure:3438: checking for gcc option to accept ISO C99
configure:3587: gcc  -c -g -O2  conftest.c >&5
conftest.c:61:29: error: expected ';', ',' or ')' before 'text'
conftest.c: In function 'main':
conftest.c:115:18: error: expected '=', ',', ';', 'asm' or '__attribute__' before 'newvar'
conftest.c:115:18: error: 'newvar' undeclared (first use in this function)
conftest.c:115:18: note: each undeclared identifier is reported only once for each function it appears in
conftest.c:125:3: error: 'for' loop initial declarations are only allowed in C99 mode
conftest.c:125:3: note: use option -std=c99 or -std=gnu99 to compile your code
configure:3587: $? = 1
configure: failed program was:
| /* confdefs.h */
| #define PACKAGE_NAME "mpdscribble"
| #define PACKAGE_TARNAME "mpdscribble"
| #define PACKAGE_VERSION "0.22"
| #define PACKAGE_STRING "mpdscribble 0.22"
| #define PACKAGE_BUGREPORT "mpdscribble"
| #define PACKAGE_URL ""
| #define PACKAGE "mpdscribble"
| #define VERSION "0.22"
| /* end confdefs.h.  */
| #include <stdarg.h>
| #include <stdbool.h>
| #include <stdlib.h>
| #include <wchar.h>
| #include <stdio.h>
| 
| // Check varargs macros.  These examples are taken from C99 6.10.3.5.
| #define debug(...) fprintf (stderr, __VA_ARGS__)
| #define showlist(...) puts (#__VA_ARGS__)
| #define report(test,...) ((test) ? puts (#test) : printf (__VA_ARGS__))
| static void
| test_varargs_macros (void)
| {
|   int x = 1234;
|   int y = 5678;
|   debug ("Flag");
|   debug ("X = %d\n", x);
|   showlist (The first, second, and third items.);
|   report (x>y, "x is %d but y is %d", x, y);
| }
| 
| // Check long long types.
| #define BIG64 18446744073709551615ull
| #define BIG32 4294967295ul
| #define BIG_OK (BIG64 / BIG32 == 4294967297ull && BIG64 % BIG32 == 0)
| #if !BIG_OK
|   your preprocessor is broken;
| #endif
| #if BIG_OK
| #else
|   your preprocessor is broken;
| #endif
| static long long int bignum = -9223372036854775807LL;
| static unsigned long long int ubignum = BIG64;
| 
| struct incomplete_array
| {
|   int datasize;
|   double data[];
| };
| 
| struct named_init {
|   int number;
|   const wchar_t *name;
|   double average;
| };
| 
| typedef const char *ccp;
| 
| static inline int
| test_restrict (ccp restrict text)
| {
|   // See if C++-style comments work.
|   // Iterate through items via the restricted pointer.
|   // Also check for declarations in for loops.
|   for (unsigned int i = 0; *(text+i) != '\0'; ++i)
|     continue;
|   return 0;
| }
| 
| // Check varargs and va_copy.
| static void
| test_varargs (const char *format, ...)
| {
|   va_list args;
|   va_start (args, format);
|   va_list args_copy;
|   va_copy (args_copy, args);
| 
|   const char *str;
|   int number;
|   float fnumber;
| 
|   while (*format)
|     {
|       switch (*format++)
| 	{
| 	case 's': // string
| 	  str = va_arg (args_copy, const char *);
| 	  break;
| 	case 'd': // int
| 	  number = va_arg (args_copy, int);
| 	  break;
| 	case 'f': // float
| 	  fnumber = va_arg (args_copy, double);
| 	  break;
| 	default:
| 	  break;
| 	}
|     }
|   va_end (args_copy);
|   va_end (args);
| }
| 
| int
| main ()
| {
| 
|   // Check bool.
|   _Bool success = false;
| 
|   // Check restrict.
|   if (test_restrict ("String literal") == 0)
|     success = true;
|   char *restrict newvar = "Another string";
| 
|   // Check varargs.
|   test_varargs ("s, d' f .", "string", 65, 34.234);
|   test_varargs_macros ();
| 
|   // Check flexible array members.
|   struct incomplete_array *ia =
|     malloc (sizeof (struct incomplete_array) + (sizeof (double) * 10));
|   ia->datasize = 10;
|   for (int i = 0; i < ia->datasize; ++i)
|     ia->data[i] = i * 1.234;
| 
|   // Check named initializers.
|   struct named_init ni = {
|     .number = 34,
|     .name = L"Test wide string",
|     .average = 543.34343,
|   };
| 
|   ni.number = 58;
| 
|   int dynamic_array[ni.number];
|   dynamic_array[ni.number - 1] = 543;
| 
|   // work around unused variable warnings
|   return (!success || bignum == 0LL || ubignum == 0uLL || newvar[0] == 'x'
| 	  || dynamic_array[ni.number - 1] != 543);
| 
|   ;
|   return 0;
| }
configure:3587: gcc -std=gnu99 -c -g -O2  conftest.c >&5
configure:3587: $? = 0
configure:3607: result: -std=gnu99
configure:3622: checking build system type
configure:3636: result: armv6l-unknown-linux-gnueabi
configure:3656: checking host system type
configure:3669: result: armv6l-unknown-linux-gnueabi
configure:3701: checking for syslog
configure:3701: gcc -std=gnu99 -o conftest -g -O2   conftest.c  >&5
configure:3701: $? = 0
configure:3701: result: yes
configure:3815: checking for pkg-config
configure:3833: found /usr/bin/pkg-config
configure:3845: result: /usr/bin/pkg-config
configure:3870: checking pkg-config is at least version 0.9.0
configure:3873: result: yes
configure:3883: checking for LIBMPDCLIENT
configure:3890: $PKG_CONFIG --exists --print-errors "libmpdclient >= 2.2"
configure:3893: $? = 0
configure:3906: $PKG_CONFIG --exists --print-errors "libmpdclient >= 2.2"
configure:3909: $? = 0
configure:3946: result: yes
configure:3953: checking for libglib
configure:3960: $PKG_CONFIG --exists --print-errors "glib-2.0 >= 2.16"
configure:3963: $? = 0
configure:3976: $PKG_CONFIG --exists --print-errors "glib-2.0 >= 2.16"
configure:3979: $? = 0
configure:4016: result: yes
configure:4148: checking for libcurl
configure:4155: $PKG_CONFIG --exists --print-errors "libcurl"
configure:4158: $? = 0
configure:4171: $PKG_CONFIG --exists --print-errors "libcurl"
configure:4174: $? = 0
configure:4211: result: yes
configure:4519: checking whether the C compiler accepts -Wall
configure:4531: gcc -std=gnu99 -c -g -O2 -Wall  conftest.c >&5
configure:4531: $? = 0
configure:4541: result: yes
configure:4549: checking whether the C compiler accepts -Wextra
configure:4561: gcc -std=gnu99 -c -g -O2 -Wextra  conftest.c >&5
configure:4561: $? = 0
configure:4571: result: yes
configure:4579: checking whether the C compiler accepts -Wno-deprecated-declarations
configure:4591: gcc -std=gnu99 -c -g -O2 -Wno-deprecated-declarations  conftest.c >&5
configure:4591: $? = 0
configure:4601: result: yes
configure:4609: checking whether the C compiler accepts -Wmissing-prototypes
configure:4621: gcc -std=gnu99 -c -g -O2 -Wmissing-prototypes  conftest.c >&5
configure:4621: $? = 0
configure:4631: result: yes
configure:4639: checking whether the C compiler accepts -Wshadow
configure:4651: gcc -std=gnu99 -c -g -O2 -Wshadow  conftest.c >&5
configure:4651: $? = 0
configure:4661: result: yes
configure:4669: checking whether the C compiler accepts -Wpointer-arith
configure:4681: gcc -std=gnu99 -c -g -O2 -Wpointer-arith  conftest.c >&5
configure:4681: $? = 0
configure:4691: result: yes
configure:4699: checking whether the C compiler accepts -Wstrict-prototypes
configure:4711: gcc -std=gnu99 -c -g -O2 -Wstrict-prototypes  conftest.c >&5
configure:4711: $? = 0
configure:4721: result: yes
configure:4729: checking whether the C compiler accepts -Wcast-qual
configure:4741: gcc -std=gnu99 -c -g -O2 -Wcast-qual  conftest.c >&5
configure:4741: $? = 0
configure:4751: result: yes
configure:4759: checking whether the C compiler accepts -Wwrite-strings
configure:4771: gcc -std=gnu99 -c -g -O2 -Wwrite-strings  conftest.c >&5
configure:4771: $? = 0
configure:4781: result: yes
configure:4923: creating ./config.status

## ---------------------- ##
## Running config.status. ##
## ---------------------- ##

This file was extended by mpdscribble config.status 0.22, which was
generated by GNU Autoconf 2.67.  Invocation command line was

  CONFIG_FILES    = 
  CONFIG_HEADERS  = 
  CONFIG_LINKS    = 
  CONFIG_COMMANDS = 
  $ ./config.status 

on runeaudio

config.status:873: creating Makefile
config.status:873: creating config.h
config.status:1101: executing depfiles commands

## ---------------- ##
## Cache variables. ##
## ---------------- ##

ac_cv_build=armv6l-unknown-linux-gnueabi
ac_cv_c_compiler_gnu=yes
ac_cv_env_CC_set=
ac_cv_env_CC_value=
ac_cv_env_CFLAGS_set=
ac_cv_env_CFLAGS_value=
ac_cv_env_CPPFLAGS_set=
ac_cv_env_CPPFLAGS_value=
ac_cv_env_LDFLAGS_set=
ac_cv_env_LDFLAGS_value=
ac_cv_env_LIBMPDCLIENT_CFLAGS_set=
ac_cv_env_LIBMPDCLIENT_CFLAGS_value=
ac_cv_env_LIBMPDCLIENT_LIBS_set=
ac_cv_env_LIBMPDCLIENT_LIBS_value=
ac_cv_env_LIBS_set=
ac_cv_env_LIBS_value=
ac_cv_env_PKG_CONFIG_LIBDIR_set=
ac_cv_env_PKG_CONFIG_LIBDIR_value=
ac_cv_env_PKG_CONFIG_PATH_set=
ac_cv_env_PKG_CONFIG_PATH_value=
ac_cv_env_PKG_CONFIG_set=
ac_cv_env_PKG_CONFIG_value=
ac_cv_env_build_alias_set=
ac_cv_env_build_alias_value=
ac_cv_env_host_alias_set=
ac_cv_env_host_alias_value=
ac_cv_env_libcurl_CFLAGS_set=
ac_cv_env_libcurl_CFLAGS_value=
ac_cv_env_libcurl_LIBS_set=
ac_cv_env_libcurl_LIBS_value=
ac_cv_env_libglib_CFLAGS_set=
ac_cv_env_libglib_CFLAGS_value=
ac_cv_env_libglib_LIBS_set=
ac_cv_env_libglib_LIBS_value=
ac_cv_env_libgthread_CFLAGS_set=
ac_cv_env_libgthread_CFLAGS_value=
ac_cv_env_libgthread_LIBS_set=
ac_cv_env_libgthread_LIBS_value=
ac_cv_env_libsoup_CFLAGS_set=
ac_cv_env_libsoup_CFLAGS_value=
ac_cv_env_libsoup_LIBS_set=
ac_cv_env_libsoup_LIBS_value=
ac_cv_env_target_alias_set=
ac_cv_env_target_alias_value=
ac_cv_func_syslog=yes
ac_cv_host=armv6l-unknown-linux-gnueabi
ac_cv_objext=o
ac_cv_path_ac_pt_PKG_CONFIG=/usr/bin/pkg-config
ac_cv_path_install='/usr/bin/install -c'
ac_cv_path_mkdir=/usr/bin/mkdir
ac_cv_prog_AWK=gawk
ac_cv_prog_ac_ct_CC=gcc
ac_cv_prog_cc_c89=
ac_cv_prog_cc_c99=-std=gnu99
ac_cv_prog_cc_g=yes
ac_cv_prog_make_make_set=yes
am_cv_CC_dependencies_compiler_type=gcc3
pkg_cv_LIBMPDCLIENT_CFLAGS=
pkg_cv_LIBMPDCLIENT_LIBS='-lmpdclient '
pkg_cv_libcurl_CFLAGS=
pkg_cv_libcurl_LIBS='-lcurl '
pkg_cv_libglib_CFLAGS='-I/usr/include/glib-2.0 -I/usr/lib/glib-2.0/include '
pkg_cv_libglib_LIBS='-lglib-2.0 '

## ----------------- ##
## Output variables. ##
## ----------------- ##

ACLOCAL='${SHELL} /usr/local/src/mpdscribble-0.22/build/missing --run aclocal-1.11'
AMDEPBACKSLASH='\'
AMDEP_FALSE='#'
AMDEP_TRUE=''
AMTAR='${SHELL} /usr/local/src/mpdscribble-0.22/build/missing --run tar'
AM_CFLAGS=' -Wall -Wextra -Wno-deprecated-declarations -Wmissing-prototypes -Wshadow -Wpointer-arith -Wstrict-prototypes -Wcast-qual -Wwrite-strings'
AUTOCONF='${SHELL} /usr/local/src/mpdscribble-0.22/build/missing --run autoconf'
AUTOHEADER='${SHELL} /usr/local/src/mpdscribble-0.22/build/missing --run autoheader'
AUTOMAKE='${SHELL} /usr/local/src/mpdscribble-0.22/build/missing --run automake-1.11'
AWK='gawk'
CC='gcc -std=gnu99'
CCDEPMODE='depmode=gcc3'
CFLAGS='-g -O2'
CPPFLAGS=''
CYGPATH_W='echo'
DEFS='-DHAVE_CONFIG_H'
DEPDIR='.deps'
ECHO_C=''
ECHO_N='-n'
ECHO_T=''
ENABLE_TEST_FALSE=''
ENABLE_TEST_TRUE='#'
EXEEXT=''
HAVE_CURL_FALSE='#'
HAVE_CURL_TRUE=''
HAVE_SOUP_FALSE=''
HAVE_SOUP_TRUE='#'
INSTALL_DATA='${INSTALL} -m 644'
INSTALL_PROGRAM='${INSTALL}'
INSTALL_SCRIPT='${INSTALL}'
INSTALL_STRIP_PROGRAM='$(install_sh) -c -s'
LDFLAGS=''
LIBGCRYPT_CONFIG=''
LIBMPDCLIENT_CFLAGS=''
LIBMPDCLIENT_LIBS='-lmpdclient '
LIBOBJS=''
LIBS=''
LTLIBOBJS=''
MAKEINFO='${SHELL} /usr/local/src/mpdscribble-0.22/build/missing --run makeinfo'
MKDIR_P='/usr/bin/mkdir -p'
OBJEXT='o'
PACKAGE='mpdscribble'
PACKAGE_BUGREPORT='mpdscribble'
PACKAGE_NAME='mpdscribble'
PACKAGE_STRING='mpdscribble 0.22'
PACKAGE_TARNAME='mpdscribble'
PACKAGE_URL=''
PACKAGE_VERSION='0.22'
PATH_SEPARATOR=':'
PKG_CONFIG='/usr/bin/pkg-config'
PKG_CONFIG_LIBDIR=''
PKG_CONFIG_PATH=''
SET_MAKE=''
SHELL='/bin/sh'
STRIP=''
VERSION='0.22'
ac_ct_CC='gcc'
am__EXEEXT_FALSE=''
am__EXEEXT_TRUE='#'
am__fastdepCC_FALSE='#'
am__fastdepCC_TRUE=''
am__include='include'
am__isrc=''
am__leading_dot='.'
am__quote=''
am__tar='${AMTAR} chof - "$$tardir"'
am__untar='${AMTAR} xf -'
bindir='${exec_prefix}/bin'
build='armv6l-unknown-linux-gnueabi'
build_alias=''
build_cpu='armv6l'
build_os='linux-gnueabi'
build_vendor='unknown'
datadir='${datarootdir}'
datarootdir='${prefix}/share'
docdir='${datarootdir}/doc/${PACKAGE_TARNAME}'
dvidir='${docdir}'
exec_prefix='${prefix}'
host='armv6l-unknown-linux-gnueabi'
host_alias=''
host_cpu='armv6l'
host_os='linux-gnueabi'
host_vendor='unknown'
htmldir='${docdir}'
includedir='${prefix}/include'
infodir='${datarootdir}/info'
install_sh='${SHELL} /usr/local/src/mpdscribble-0.22/build/install-sh'
libcurl_CFLAGS=''
libcurl_LIBS='-lcurl '
libdir='${exec_prefix}/lib'
libexecdir='${exec_prefix}/libexec'
libglib_CFLAGS='-I/usr/include/glib-2.0 -I/usr/lib/glib-2.0/include '
libglib_LIBS='-lglib-2.0 '
libgthread_CFLAGS=''
libgthread_LIBS=''
libsoup_CFLAGS=''
libsoup_LIBS=''
localedir='${datarootdir}/locale'
localstatedir='${prefix}/var'
mandir='${datarootdir}/man'
mkdir_p='/usr/bin/mkdir -p'
oldincludedir='/usr/include'
pdfdir='${docdir}'
prefix='/usr/local'
program_transform_name='s,x,x,'
psdir='${docdir}'
sbindir='${exec_prefix}/sbin'
sharedstatedir='${prefix}/com'
sysconfdir='/etc'
target_alias=''

## ----------- ##
## confdefs.h. ##
## ----------- ##

/* confdefs.h */
#define PACKAGE_NAME "mpdscribble"
#define PACKAGE_TARNAME "mpdscribble"
#define PACKAGE_VERSION "0.22"
#define PACKAGE_STRING "mpdscribble 0.22"
#define PACKAGE_BUGREPORT "mpdscribble"
#define PACKAGE_URL ""
#define PACKAGE "mpdscribble"
#define VERSION "0.22"
#define HAVE_SYSLOG 1

configure: exit 0
